2026-03-28 11:05:23,616 - INFO - Order placed: {}
2026-03-28 11:10:22,143 - INFO - Order placed: None
2026-03-28 11:11:12,581 - INFO - Order placed: {'orderId': 13001339244, 'symbol': 'BTCUSDT', 'status': 'NEW', 'clientOrderId': 'x-Cb7ytekJb33fdfe865b99dfab64136', 'price': '0.00', 'avgPrice': '0.00', 'origQty': '0.002', 'executedQty': '0.000', 'cumQty': '0.000', 'cumQuote': '0.00000', 'timeInForce': 'GTC', 'type': 'MARKET', 'reduceOnly': False, 'closePosition': False, 'side': 'BUY', 'positionSide': 'BOTH', 'stopPrice': '0.00', 'workingType': 'CONTRACT_PRICE', 'priceProtect': False, 'origType': 'MARKET', 'priceMatch': 'NONE', 'selfTradePreventionMode': 'EXPIRE_MAKER', 'goodTillDate': 0, 'updateTime': 1774676471745}
2026-03-28 11:13:57,648 - INFO - Order placed: {
  "orderId": 13001345155,
  "symbol": "BTCUSDT",
  "status": "NEW",
  "clientOrderId": "x-Cb7ytekJ562ac225495954678c2ced",
  "price": "0.00",
  "avgPrice": "0.00",
  "origQty": "0.002",
  "executedQty": "0.000",
  "cumQty": "0.000",
  "cumQuote": "0.00000",
  "timeInForce": "GTC",
  "type": "MARKET",
  "reduceOnly": false,
  "closePosition": false,
  "side": "BUY",
  "positionSide": "BOTH",
  "stopPrice": "0.00",
  "workingType": "CONTRACT_PRICE",
  "priceProtect": false,
  "origType": "MARKET",
  "priceMatch": "NONE",
  "selfTradePreventionMode": "EXPIRE_MAKER",
  "goodTillDate": 0,
  "updateTime": 1774676636816
}
2026-03-28 11:17:51,942 - INFO - Order placed: {
  "orderId": 13001352806,
  "symbol": "BTCUSDT",
  "status": "NEW",
  "clientOrderId": "x-Cb7ytekJ95c1980997de986fff49c3",
  "price": "70000.00",
  "avgPrice": "0.00",
  "origQty": "0.002",
  "executedQty": "0.000",
  "cumQty": "0.000",
  "cumQuote": "0.00000",
  "timeInForce": "GTC",
  "type": "LIMIT",
  "reduceOnly": false,
  "closePosition": false,
  "side": "SELL",
  "positionSide": "BOTH",
  "stopPrice": "0.00",
  "workingType": "CONTRACT_PRICE",
  "priceProtect": false,
  "origType": "LIMIT",
  "priceMatch": "NONE",
  "selfTradePreventionMode": "EXPIRE_MAKER",
  "goodTillDate": 0,
  "updateTime": 1774676871115
}
